10:51:52.382 85
10:51:53.357 85
10:51:54.380 86
10:51:55.355 86
10:51:56.379 86
10:51:57.353 87
10:51:58.377 87
10:51:59.352 88
10:52:00.376 88
10:52:01.399 88
10:52:02.374 88
10:52:03.349 88
10:52:04.373 88
10:52:05.347 88
10:52:06.371 88
10:52:07.347 88
10:52:08.376 88
10:52:09.356 88
10:52:10.385 88
10:52:11.364 88
10:52:12.393 88
10:52:13.421 88
10:52:14.399 89
10:52:15.378 89
10:52:16.407 89
10:52:17.385 89
10:52:18.413 89
10:52:19.391 89
10:52:20.418 89
10:52:21.397 89
10:52:22.424 89
10:52:23.402 89
10:52:24.429 89
10:52:25.407 90
10:52:26.483 90
10:52:27.411 90
10:52:28.438 90
10:52:29.562 90
10:52:30.442 92
10:52:31.517 93
10:52:32.446 94
10:52:33.472 96
10:52:34.498 96
10:52:35.476 96
10:52:36.453 96
10:52:37.479 96
10:52:38.456 97
10:52:39.482 97
10:52:40.459 97
10:52:41.485 97
10:52:42.462 97
10:52:43.487 98
10:52:44.464 98
10:52:45.490 98
10:52:46.466 98
10:52:47.492 98
10:52:48.469 98
10:52:49.592 98
10:52:50.471 98
10:52:51.497 98
10:52:52.473 98
10:52:53.498 99
10:52:54.523 99
10:52:55.500 99
10:52:56.476 99
10:52:57.501 99
10:52:58.477 99
10:52:59.502 99
10:53:00.479 99
10:53:01.504 99
10:53:02.480 100
10:53:03.505 100
10:53:04.481 100
10:53:05.506 101
10:53:06.482 101
10:53:07.507 101
10:53:08.532 101
10:53:09.508 101
10:53:10.533 101
10:53:11.509 101
10:53:12.582 101
10:53:13.509 101
10:53:14.534 101
10:53:15.510 101
10:53:16.583 101
10:53:17.511 102
10:53:18.535 102
10:53:19.511 102
10:53:20.536 103
10:53:21.512 103
10:53:22.585 104
10:53:23.512 104
10:53:24.537 104
10:53:25.513 104
10:53:26.537 103
10:53:27.513 103
10:53:28.538 103
10:53:29.562 102
10:53:30.538 102
10:53:31.514 102
10:53:32.538 102
10:53:33.514 102
10:53:34.538 102
10:53:35.514 102
10:53:36.538 102
10:53:37.514 102
10:53:38.538 102
10:53:39.563 102
10:53:40.539 102
10:53:41.563 102
10:53:42.539 102
10:53:43.514 102
10:53:44.587 102
10:53:45.515 103
10:53:46.587 103
10:53:47.515 103
10:53:48.539 103
10:53:49.612 103
10:53:50.539 103
10:53:51.563 103
10:53:52.539 102
10:53:53.564 102
10:53:54.539 102
10:53:55.612 101
10:53:56.539 102
10:53:57.563 102
10:53:58.539 102
10:53:59.563 103
