11:13:56.416 116
11:13:57.439 116
11:13:58.463 116
11:13:59.487 116
11:14:00.413 116
11:14:01.437 116
11:14:02.413 116
11:14:03.485 116
11:14:04.411 115
11:14:05.435 115
11:14:06.410 115
11:14:07.434 115
11:14:08.409 115
11:14:09.433 114
11:14:10.407 114
11:14:11.431 114
11:14:12.406 114
11:14:13.430 113
11:14:14.454 114
11:14:15.429 114
11:14:16.453 114
11:14:17.428 115
11:14:18.452 115
11:14:19.427 116
11:14:20.451 117
11:14:21.426 118
11:14:22.449 119
11:14:23.425 120
11:14:24.448 120
11:14:25.423 120
11:14:26.496 119
11:14:27.423 119
11:14:28.495 118
11:14:29.421 117
11:14:30.494 116
11:14:31.420 115
11:14:32.444 112
11:14:33.419 110
11:14:34.443 109
11:14:35.418 108
11:14:36.491 107
11:14:37.417 107
11:14:38.441 107
11:14:39.417 106
11:14:40.441 106
11:14:41.416 105
11:14:42.439 105
11:14:43.415 105
11:14:44.438 105
11:14:45.414 105
11:14:46.438 105
11:14:47.413 105
11:14:48.437 105
11:14:49.411 105
11:14:50.435 105
11:14:51.410 105
11:14:52.434 104
11:14:53.458 104
11:14:54.434 103
11:14:55.458 103
11:14:56.433 102
11:14:57.457 102
11:14:58.432 103
11:14:59.456 104
11:15:00.431 104
11:15:01.454 104
11:15:02.429 103
11:15:03.453 102
11:15:04.429 100
