11:17:36.423 124
11:17:37.496 124
11:17:38.422 124
11:17:39.446 124
11:17:40.470 124
11:17:41.494 124
11:17:42.469 124
11:17:43.444 124
11:17:44.468 124
11:17:45.443 124
11:17:46.467 124
11:17:47.442 124
11:17:48.514 124
11:17:49.441 125
11:17:50.464 124
11:17:51.439 124
11:17:52.463 125
11:17:53.488 126
11:17:54.511 125
11:17:55.486 125
11:17:56.461 124
11:17:57.436 124
11:17:58.460 124
11:17:59.435 124
11:18:00.507 124
11:18:01.434 124
11:18:02.458 124
11:18:03.433 125
11:18:04.457 125
11:18:05.431 125
11:18:06.455 125
11:18:07.430 125
11:18:08.454 125
11:18:09.429 125
11:18:10.453 125
11:18:11.428 125
11:18:12.452 126
11:18:13.524 126
11:18:14.451 126
11:18:15.425 126
11:18:16.449 126
11:18:17.424 126
11:18:18.448 127
11:18:19.423 127
11:18:20.447 127
11:18:21.471 127
11:18:22.446 129
11:18:23.470 130
11:18:24.445 131
11:18:25.469 132
11:18:26.444 134
11:18:27.516 135
11:18:28.491 136
11:18:29.467 137
11:18:30.442 140
11:18:31.514 143
11:18:32.440 143
11:18:33.464 144
11:18:34.439 144
11:18:35.463 145
11:18:36.438 145
11:18:37.462 145
11:18:38.486 145
11:18:39.461 145
11:18:40.485 145
11:18:41.509 145
11:18:42.435 145
11:18:43.459 145
11:18:44.434 145
11:18:45.506 145
11:18:46.481 145
11:18:47.456 145
11:18:48.431 145
11:18:49.504 144
11:18:50.430 144
11:18:51.454 144
11:18:52.429 144
11:18:53.502 144
11:18:54.428 144
11:18:55.452 144
11:18:56.426 144
11:18:57.450 144
11:18:58.426 144
11:18:59.449 144
11:19:00.473 144
11:19:01.497 144
11:19:02.472 144
11:19:03.447 144
11:19:04.471 145
11:19:05.446 145
11:19:06.470 145
11:19:07.445 145
11:19:08.469 145
11:19:09.444 145
11:19:10.467 145
11:19:11.443 145
11:19:12.466 145
11:19:13.442 145
11:19:14.465 145
11:19:15.440 145
11:19:16.464 145
11:19:17.488 145
11:19:18.463 145
11:19:19.438 145
11:19:20.511 145
11:19:21.437 145
