10:56:29.454 101
10:56:30.431 101
10:56:31.506 101
10:56:32.434 101
10:56:33.460 102
10:56:34.437 102
10:56:35.462 102
10:56:36.440 102
10:56:37.465 103
10:56:38.442 104
10:56:39.516 105
10:56:40.443 106
10:56:41.469 106
10:56:42.494 107
10:56:43.519 108
10:56:44.446 109
10:56:45.471 109
10:56:46.447 108
10:56:47.472 108
10:56:48.497 107
10:56:49.473 106
10:56:50.498 107
10:56:51.474 108
10:56:52.498 109
10:56:53.474 110
10:56:54.450 111
10:56:55.523 111
10:56:56.450 112
10:56:57.524 112
10:56:58.451 112
10:56:59.524 112
10:57:00.451 112
10:57:01.476 112
10:57:02.451 112
10:57:03.476 113
10:57:04.452 113
10:57:05.476 113
10:57:06.452 113
10:57:07.476 113
10:57:08.549 113
10:57:09.476 113
10:57:10.597 114
10:57:11.475 114
10:57:12.499 114
10:57:13.474 114
10:57:14.498 115
10:57:15.522 115
10:57:16.497 116
10:57:17.472 116
10:57:18.496 117
10:57:19.471 117
10:57:20.495 118
10:57:21.519 119
10:57:22.494 119
10:57:23.469 118
10:57:24.493 117
10:57:25.468 117
10:57:26.492 116
10:57:27.516 116
10:57:28.491 116
10:57:29.466 115
10:57:30.490 115
10:57:31.465 115
10:57:32.490 115
10:57:33.465 115
