10:44:57.414 114
10:44:58.480 114
10:44:59.401 115
10:45:00.420 114
10:45:01.390 114
10:45:02.411 113
10:45:03.431 113
10:45:04.403 112
10:45:05.424 112
10:45:06.445 112
10:45:07.418 112
10:45:08.391 112
10:45:09.413 112
10:45:10.386 112
10:45:11.360 112
10:45:12.431 112
10:45:13.355 112
10:45:14.427 113
10:45:15.352 113
10:45:16.374 113
10:45:17.349 113
10:45:18.372 114
10:45:19.346 114
10:45:20.369 114
10:45:21.343 113
10:45:22.366 113
10:45:23.340 113
10:45:24.363 113
10:45:25.386 113
10:45:26.360 113
10:45:27.335 113
10:45:28.358 114
10:45:29.332 114
10:45:30.355 114
10:45:31.330 114
10:45:32.353 114
10:45:33.425 115
10:45:34.351 115
10:45:35.373 115
10:45:36.348 115
10:45:37.371 115
10:45:38.346 115
10:45:39.417 115
10:45:40.343 115
10:45:41.367 115
10:45:42.343 115
10:45:43.367 115
10:45:44.342 115
10:45:45.366 115
10:45:46.341 114
10:45:47.365 114
10:45:48.340 114
10:45:49.364 114
10:45:50.339 114
10:45:51.363 113
10:45:52.338 113
10:45:53.362 113
10:45:54.337 113
10:45:55.361 112
10:45:56.335 112
10:45:57.360 112
