11:11:04.460 135
11:11:05.435 135
11:11:06.458 135
11:11:07.433 135
11:11:08.457 135
11:11:09.432 135
11:11:10.456 135
11:11:11.431 136
11:11:12.454 136
11:11:13.430 136
11:11:14.453 135
11:11:15.428 135
11:11:16.451 134
11:11:17.426 134
11:11:18.450 133
11:11:19.473 132
11:11:20.448 131
11:11:21.423 131
11:11:22.447 131
11:11:23.422 132
11:11:24.446 131
11:11:25.421 131
11:11:26.445 131
11:11:27.468 130
11:11:28.443 130
11:11:29.467 129
11:11:30.441 128
11:11:31.416 128
11:11:32.440 125
11:11:33.415 124
11:11:34.536 123
11:11:35.414 122
11:11:36.437 121
11:11:37.412 120
11:11:38.436 120
11:11:39.411 120
11:11:40.435 120
11:11:41.410 119
11:11:42.433 119
11:11:43.456 119
11:11:44.480 118
11:11:45.455 118
11:11:46.479 118
11:11:47.454 118
11:11:48.429 117
11:11:49.501 117
11:11:50.427 116
11:11:51.500 116
11:11:52.426 115
11:11:53.450 114
11:11:54.474 113
11:11:55.449 112
11:11:56.423 110
11:11:57.447 108
11:11:58.422 108
11:11:59.446 108
11:12:00.421 108
11:12:01.444 108
11:12:02.420 108
11:12:03.444 108
11:12:04.418 109
11:12:05.442 109
11:12:06.417 109
11:12:07.489 109
11:12:08.416 109
