10:49:00.523 100
10:49:01.498 100
10:49:02.474 100
10:49:03.498 99
10:49:04.474 99
10:49:05.498 99
10:49:06.473 98
10:49:07.498 98
10:49:08.522 98
10:49:09.497 97
10:49:10.521 96
10:49:11.497 95
10:49:12.521 95
10:49:13.497 95
10:49:14.569 94
10:49:15.496 94
10:49:16.520 94
10:49:17.544 94
10:49:18.520 94
10:49:19.495 94
10:49:20.520 94
10:49:21.495 94
10:49:22.519 94
10:49:23.495 94
10:49:24.519 95
10:49:25.494 95
10:49:26.519 95
10:49:27.494 95
10:49:28.518 95
10:49:29.493 95
10:49:30.517 94
10:49:31.493 94
10:49:32.517 93
10:49:33.542 92
10:49:34.517 93
10:49:35.492 93
10:49:36.517 93
10:49:37.541 93
10:49:38.516 93
10:49:39.540 92
10:49:40.516 92
10:49:41.491 91
10:49:42.564 91
10:49:43.540 90
10:49:44.515 89
10:49:45.490 88
10:49:46.515 87
10:49:47.490 86
10:49:48.563 84
10:49:49.538 83
10:49:50.514 81
10:49:51.538 80
10:49:52.514 79
10:49:53.587 78
10:49:54.513 79
10:49:55.537 79
10:49:56.513 79
10:49:57.537 80
10:49:58.510 80
10:49:59.529 80
10:50:00.500 80
10:50:01.519 81
10:50:02.490 81
10:50:03.510 81
10:50:04.480 81
10:50:05.501 82
