10:41:57.676 101
10:41:58.602 101
10:41:59.626 101
10:42:00.601 101
10:42:01.625 101
10:42:02.600 101
10:42:03.624 102
10:42:04.599 102
10:42:05.672 103
10:42:06.598 102
10:42:07.622 102
10:42:08.598 102
10:42:09.622 101
10:42:10.597 101
10:42:11.621 100
10:42:12.644 100
10:42:13.619 100
10:42:14.643 99
10:42:15.619 99
10:42:16.643 99
10:42:17.667 98
10:42:18.642 98
10:42:19.715 99
10:42:20.641 99
10:42:21.616 99
10:42:22.640 99
10:42:23.615 99
10:42:24.639 99
10:42:25.614 99
10:42:26.639 98
10:42:27.662 97
10:42:28.637 96
10:42:29.612 95
10:42:30.637 95
10:42:31.660 95
10:42:32.635 96
10:42:33.659 96
10:42:34.634 96
10:42:35.658 96
10:42:36.633 96
10:42:37.608 96
10:42:38.730 97
10:42:39.656 97
10:42:40.631 98
10:42:41.655 98
10:42:42.630 99
10:42:43.606 99
10:42:44.630 100
10:42:45.605 101
10:42:46.677 102
10:42:47.604 104
10:42:48.628 105
10:42:49.603 106
10:42:50.676 109
10:42:51.651 111
10:42:52.627 112
10:42:53.699 113
10:42:54.626 113
10:42:55.649 113
10:42:56.625 113
10:42:57.649 113
10:42:58.624 113
10:42:59.648 113
10:43:00.623 113
10:43:01.647 113
10:43:02.622 113
10:43:03.646 113
10:43:04.621 113
10:43:05.645 113
10:43:06.669 113
10:43:07.644 113
